<?xml version="1.0" encoding="UTF-8"?>
<!-- Generated by org.testng.reporters.JUnitXMLReporter -->
<testsuite hostname="LENOVO" ignored="0" name="Test" tests="10" failures="0" timestamp="30 Jun 2021 09:20:56 GMT" time="484.473" errors="0">
  <testcase name="productSearchPageTitleTest" time="6.474" classname="com.AmazonAutomation.test.ProductSearchPageTest"/>
  <testcase name="paymentPageTitleTest" time="0.075" classname="com.AmazonAutomation.test.PaymentPageTest"/>
  <testcase name="buyNowPagePriceTest" time="17.957" classname="com.AmazonAutomation.test.BuyNowPageTest"/>
  <testcase name="homePageTitleTest" time="0.082" classname="com.AmazonAutomation.test.HomePageTest"/>
  <testcase name="loginPageTitleTest" time="0.013" classname="com.AmazonAutomation.test.LoginPageTest"/>
  <testcase name="ProductSearchAndClick" time="23.9" classname="com.AmazonAutomation.test.ProductSearchPageTest"/>
  <testcase name="paymentActivity" time="10.351" classname="com.AmazonAutomation.test.PaymentPageTest"/>
  <testcase name="buyNowClick" time="26.028" classname="com.AmazonAutomation.test.BuyNowPageTest"/>
  <testcase name="homePageSignIn" time="4.165" classname="com.AmazonAutomation.test.HomePageTest"/>
  <testcase name="loginPageSignIn" time="2.91" classname="com.AmazonAutomation.test.LoginPageTest"/>
</testsuite> <!-- Test -->
