<?xml version="1.0" encoding="UTF-8"?>
<!-- Generated by org.testng.reporters.JUnitXMLReporter -->
<testsuite hostname="LENOVO" ignored="0" name="Command line test" tests="9" failures="0" timestamp="30 Jun 2021 05:18:07 GMT" time="342.008" errors="0">
  <testcase name="buyNowPageTitleTest" time="12.198" classname="com.AmazonAutomation.test.BuyNowPageTest"/>
  <testcase name="productSearchPageTitleTest" time="0.008" classname="com.AmazonAutomation.test.ProductSearchPageTest"/>
  <testcase name="homePageTitleTest" time="0.008" classname="com.AmazonAutomation.test.HomePageTest"/>
  <testcase name="loginPageTitleTest" time="0.008" classname="com.AmazonAutomation.test.LoginPageTest"/>
  <testcase name="paymentActivity" time="9.324" classname="com.AmazonAutomation.test.PaymentPageTest"/>
  <testcase name="buyNowClick" time="17.38" classname="com.AmazonAutomation.test.BuyNowPageTest"/>
  <testcase name="homePageSignIn" time="7.495" classname="com.AmazonAutomation.test.HomePageTest"/>
  <testcase name="loginPageSignIn" time="7.899" classname="com.AmazonAutomation.test.LoginPageTest"/>
  <testcase name="ProductSearchAndClick" time="9.992" classname="com.AmazonAutomation.test.ProductSearchPageTest"/>
</testsuite> <!-- Command line test -->
