<?xml version="1.0" encoding="UTF-8"?>
<testng-results skipped="0" failed="0" ignored="0" total="9" passed="9">
  <reporter-output>
  </reporter-output>
  <suite name="Command line suite" duration-ms="342008" started-at="2021-06-30T05:12:25Z" finished-at="2021-06-30T05:18:07Z">
    <groups>
    </groups>
    <test name="Command line test" duration-ms="342008" started-at="2021-06-30T05:12:25Z" finished-at="2021-06-30T05:18:07Z">
      <class name="com.AmazonAutomation.test.LoginPageTest">
        <test-method status="PASS" signature="setUp()[pri:0, instance:com.AmazonAutomation.test.LoginPageTest@4bec1f0c]" name="setUp" is-config="true" duration-ms="18740" started-at="2021-06-30T05:14:16Z" finished-at="2021-06-30T05:14:35Z">
          <reporter-output>
          </reporter-output>
        </test-method> <!-- setUp -->
        <test-method status="PASS" signature="loginPageTitleTest()[pri:1, instance:com.AmazonAutomation.test.LoginPageTest@4bec1f0c]" name="loginPageTitleTest" duration-ms="8" started-at="2021-06-30T05:14:35Z" finished-at="2021-06-30T05:14:35Z">
          <reporter-output>
          </reporter-output>
        </test-method> <!-- loginPageTitleTest -->
        <test-method status="PASS" signature="teardown()[pri:0, instance:com.AmazonAutomation.test.LoginPageTest@4bec1f0c]" name="teardown" is-config="true" duration-ms="1664" started-at="2021-06-30T05:14:35Z" finished-at="2021-06-30T05:14:36Z">
          <reporter-output>
          </reporter-output>
        </test-method> <!-- teardown -->
        <test-method status="PASS" signature="setUp()[pri:0, instance:com.AmazonAutomation.test.LoginPageTest@4bec1f0c]" name="setUp" is-config="true" duration-ms="20157" started-at="2021-06-30T05:16:57Z" finished-at="2021-06-30T05:17:17Z">
          <reporter-output>
          </reporter-output>
        </test-method> <!-- setUp -->
        <test-method status="PASS" signature="loginPageSignIn()[pri:2, instance:com.AmazonAutomation.test.LoginPageTest@4bec1f0c]" name="loginPageSignIn" duration-ms="7899" started-at="2021-06-30T05:17:17Z" finished-at="2021-06-30T05:17:25Z">
          <reporter-output>
          </reporter-output>
        </test-method> <!-- loginPageSignIn -->
        <test-method status="PASS" signature="teardown()[pri:0, instance:com.AmazonAutomation.test.LoginPageTest@4bec1f0c]" name="teardown" is-config="true" duration-ms="1676" started-at="2021-06-30T05:17:25Z" finished-at="2021-06-30T05:17:26Z">
          <reporter-output>
          </reporter-output>
        </test-method> <!-- teardown -->
      </class> <!-- com.AmazonAutomation.test.LoginPageTest -->
      <class name="com.AmazonAutomation.test.ProductSearchPageTest">
        <test-method status="PASS" signature="setUp()[pri:0, instance:com.AmazonAutomation.test.ProductSearchPageTest@5649fd9b]" name="setUp" is-config="true" duration-ms="32061" started-at="2021-06-30T05:13:28Z" finished-at="2021-06-30T05:14:00Z">
          <reporter-output>
          </reporter-output>
        </test-method> <!-- setUp -->
        <test-method status="PASS" signature="productSearchPageTitleTest()[pri:1, instance:com.AmazonAutomation.test.ProductSearchPageTest@5649fd9b]" name="productSearchPageTitleTest" duration-ms="8" started-at="2021-06-30T05:14:00Z" finished-at="2021-06-30T05:14:00Z">
          <reporter-output>
          </reporter-output>
        </test-method> <!-- productSearchPageTitleTest -->
        <test-method status="PASS" signature="teardown()[pri:0, instance:com.AmazonAutomation.test.ProductSearchPageTest@5649fd9b]" name="teardown" is-config="true" duration-ms="2004" started-at="2021-06-30T05:14:00Z" finished-at="2021-06-30T05:14:02Z">
          <reporter-output>
          </reporter-output>
        </test-method> <!-- teardown -->
        <test-method status="PASS" signature="setUp()[pri:0, instance:com.AmazonAutomation.test.ProductSearchPageTest@5649fd9b]" name="setUp" is-config="true" duration-ms="29142" started-at="2021-06-30T05:17:26Z" finished-at="2021-06-30T05:17:55Z">
          <reporter-output>
          </reporter-output>
        </test-method> <!-- setUp -->
        <test-method status="PASS" signature="ProductSearchAndClick()[pri:2, instance:com.AmazonAutomation.test.ProductSearchPageTest@5649fd9b]" name="ProductSearchAndClick" duration-ms="9992" started-at="2021-06-30T05:17:55Z" finished-at="2021-06-30T05:18:05Z">
          <reporter-output>
          </reporter-output>
        </test-method> <!-- ProductSearchAndClick -->
        <test-method status="PASS" signature="teardown()[pri:0, instance:com.AmazonAutomation.test.ProductSearchPageTest@5649fd9b]" name="teardown" is-config="true" duration-ms="1831" started-at="2021-06-30T05:18:05Z" finished-at="2021-06-30T05:18:07Z">
          <reporter-output>
          </reporter-output>
        </test-method> <!-- teardown -->
      </class> <!-- com.AmazonAutomation.test.ProductSearchPageTest -->
      <class name="com.AmazonAutomation.test.PaymentPageTest">
        <test-method status="PASS" signature="setUp()[pri:0, instance:com.AmazonAutomation.test.PaymentPageTest@29ca901e]" name="setUp" is-config="true" duration-ms="53892" started-at="2021-06-30T05:14:36Z" finished-at="2021-06-30T05:15:30Z">
          <reporter-output>
          </reporter-output>
        </test-method> <!-- setUp -->
        <test-method status="PASS" signature="paymentActivity()[pri:2, instance:com.AmazonAutomation.test.PaymentPageTest@29ca901e]" name="paymentActivity" duration-ms="9324" started-at="2021-06-30T05:15:30Z" finished-at="2021-06-30T05:15:39Z">
          <reporter-output>
          </reporter-output>
        </test-method> <!-- paymentActivity -->
        <test-method status="PASS" signature="teardown()[pri:0, instance:com.AmazonAutomation.test.PaymentPageTest@29ca901e]" name="teardown" is-config="true" duration-ms="2181" started-at="2021-06-30T05:15:39Z" finished-at="2021-06-30T05:15:42Z">
          <reporter-output>
          </reporter-output>
        </test-method> <!-- teardown -->
      </class> <!-- com.AmazonAutomation.test.PaymentPageTest -->
      <class name="com.AmazonAutomation.test.BuyNowPageTest">
        <test-method status="PASS" signature="setUp()[pri:0, instance:com.AmazonAutomation.test.BuyNowPageTest@3159c4b8]" name="setUp" is-config="true" duration-ms="48184" started-at="2021-06-30T05:12:25Z" finished-at="2021-06-30T05:13:13Z">
          <reporter-output>
          </reporter-output>
        </test-method> <!-- setUp -->
        <test-method status="PASS" signature="buyNowPageTitleTest()[pri:1, instance:com.AmazonAutomation.test.BuyNowPageTest@3159c4b8]" name="buyNowPageTitleTest" duration-ms="12198" started-at="2021-06-30T05:13:13Z" finished-at="2021-06-30T05:13:26Z">
          <reporter-output>
          </reporter-output>
        </test-method> <!-- buyNowPageTitleTest -->
        <test-method status="PASS" signature="teardown()[pri:0, instance:com.AmazonAutomation.test.BuyNowPageTest@3159c4b8]" name="teardown" is-config="true" duration-ms="2698" started-at="2021-06-30T05:13:26Z" finished-at="2021-06-30T05:13:28Z">
          <reporter-output>
          </reporter-output>
        </test-method> <!-- teardown -->
        <test-method status="PASS" signature="setUp()[pri:0, instance:com.AmazonAutomation.test.BuyNowPageTest@3159c4b8]" name="setUp" is-config="true" duration-ms="33708" started-at="2021-06-30T05:15:42Z" finished-at="2021-06-30T05:16:15Z">
          <reporter-output>
          </reporter-output>
        </test-method> <!-- setUp -->
        <test-method status="PASS" signature="buyNowClick()[pri:2, instance:com.AmazonAutomation.test.BuyNowPageTest@3159c4b8]" name="buyNowClick" duration-ms="17380" started-at="2021-06-30T05:16:15Z" finished-at="2021-06-30T05:16:33Z">
          <reporter-output>
          </reporter-output>
        </test-method> <!-- buyNowClick -->
        <test-method status="PASS" signature="teardown()[pri:0, instance:com.AmazonAutomation.test.BuyNowPageTest@3159c4b8]" name="teardown" is-config="true" duration-ms="1819" started-at="2021-06-30T05:16:33Z" finished-at="2021-06-30T05:16:35Z">
          <reporter-output>
          </reporter-output>
        </test-method> <!-- teardown -->
      </class> <!-- com.AmazonAutomation.test.BuyNowPageTest -->
      <class name="com.AmazonAutomation.test.HomePageTest">
        <test-method status="PASS" signature="setUp()[pri:0, instance:com.AmazonAutomation.test.HomePageTest@73846619]" name="setUp" is-config="true" duration-ms="11566" started-at="2021-06-30T05:14:02Z" finished-at="2021-06-30T05:14:14Z">
          <reporter-output>
          </reporter-output>
        </test-method> <!-- setUp -->
        <test-method status="PASS" signature="homePageTitleTest()[pri:1, instance:com.AmazonAutomation.test.HomePageTest@73846619]" name="homePageTitleTest" duration-ms="8" started-at="2021-06-30T05:14:14Z" finished-at="2021-06-30T05:14:14Z">
          <reporter-output>
          </reporter-output>
        </test-method> <!-- homePageTitleTest -->
        <test-method status="PASS" signature="teardown()[pri:0, instance:com.AmazonAutomation.test.HomePageTest@73846619]" name="teardown" is-config="true" duration-ms="1797" started-at="2021-06-30T05:14:14Z" finished-at="2021-06-30T05:14:16Z">
          <reporter-output>
          </reporter-output>
        </test-method> <!-- teardown -->
        <test-method status="PASS" signature="setUp()[pri:0, instance:com.AmazonAutomation.test.HomePageTest@73846619]" name="setUp" is-config="true" duration-ms="12850" started-at="2021-06-30T05:16:35Z" finished-at="2021-06-30T05:16:47Z">
          <reporter-output>
          </reporter-output>
        </test-method> <!-- setUp -->
        <test-method status="PASS" signature="homePageSignIn()[pri:2, instance:com.AmazonAutomation.test.HomePageTest@73846619]" name="homePageSignIn" duration-ms="7495" started-at="2021-06-30T05:16:47Z" finished-at="2021-06-30T05:16:55Z">
          <reporter-output>
          </reporter-output>
        </test-method> <!-- homePageSignIn -->
        <test-method status="PASS" signature="teardown()[pri:0, instance:com.AmazonAutomation.test.HomePageTest@73846619]" name="teardown" is-config="true" duration-ms="1675" started-at="2021-06-30T05:16:55Z" finished-at="2021-06-30T05:16:57Z">
          <reporter-output>
          </reporter-output>
        </test-method> <!-- teardown -->
      </class> <!-- com.AmazonAutomation.test.HomePageTest -->
    </test> <!-- Command line test -->
  </suite> <!-- Command line suite -->
</testng-results>
