<?xml version="1.0" encoding="UTF-8" ?>
<testsuite tests="9" failures="0" name="TestSuite" time="64.317" errors="0" skipped="0">
  <properties>
[...]
</properties>
  <testcase classname="com.AmazonAutomation.test.BuyNowPageTest" name="buyNowPageTitleTest" time="12.204"/>
  <testcase classname="com.AmazonAutomation.test.ProductSearchPageTest" name="productSearchPageTitleTest" time="0.008"/>
  <testcase classname="com.AmazonAutomation.test.HomePageTest" name="homePageTitleTest" time="0.007"/>
  <testcase classname="com.AmazonAutomation.test.LoginPageTest" name="loginPageTitleTest" time="0.008"/>
  <testcase classname="com.AmazonAutomation.test.PaymentPageTest" name="paymentActivity" time="9.323"/>
  <testcase classname="com.AmazonAutomation.test.BuyNowPageTest" name="buyNowClick" time="17.38"/>
  <testcase classname="com.AmazonAutomation.test.HomePageTest" name="homePageSignIn" time="7.496"/>
  <testcase classname="com.AmazonAutomation.test.LoginPageTest" name="loginPageSignIn" time="7.899"/>
  <testcase classname="com.AmazonAutomation.test.ProductSearchPageTest" name="ProductSearchAndClick" time="9.992"/>
</testsuite>